<?xml version="1.0" encoding="UTF-8"?>
<!-- Generated by org.testng.reporters.JUnitXMLReporter -->
<testsuite hostname="Baby-PC" ignored="0" name="smoke tests" tests="6" failures="0" timestamp="07 Aug 2018 02:48:52 GMT" time="6.586" errors="0">
  <testcase name="transferMoney" time="0.595" classname="com.zerob.tests.TransferFundsTest"/>
  <testcase name="AmountDescription" time="0.71" classname="com.zerob.tests.TransferFundsTest"/>
  <testcase name="verifyText" time="0.06" classname="com.zerob.tests.TransferFundsTest"/>
  <testcase name="transferMoney1" time="0.601" classname="com.zerob.tests.TransferFundsTest"/>
  <testcase name="AmountDescription2" time="0.611" classname="com.zerob.tests.TransferFundsTest"/>
  <testcase name="verifyText1" time="0.04" classname="com.zerob.tests.TransferFundsTest"/>
</testsuite> <!-- smoke tests -->
