<?xml version="1.0" encoding="UTF-8"?>
<!-- Generated by org.testng.reporters.JUnitXMLReporter -->
<testsuite hostname="Baby-PC" ignored="0" name="smoke" tests="3" failures="0" timestamp="07 Aug 2018 03:06:43 GMT" time="6.59" errors="0">
  <testcase name="verifyInflow" time="2.952" classname="com.zerob.tests.MyMoneyMapTest"/>
  <testcase name="verifyOutflow" time="0.108" classname="com.zerob.tests.MyMoneyMapTest"/>
  <testcase name="verifySummary" time="0.106" classname="com.zerob.tests.MyMoneyMapTest"/>
</testsuite> <!-- smoke -->
