<?xml version="1.0" encoding="UTF-8"?>
<!-- Generated by org.testng.reporters.JUnitXMLReporter -->
<testsuite hostname="Baby-PC" ignored="0" name="smoke" tests="3" failures="0" timestamp="07 Aug 2018 20:42:00 GMT" time="7.493" errors="0">
  <testcase name="verifyInflow" time="3.148" classname="com.zerob.tests.MyMoneyMapTest"/>
  <testcase name="verifyOutflow" time="0.194" classname="com.zerob.tests.MyMoneyMapTest"/>
  <testcase name="verifySummary" time="0.09" classname="com.zerob.tests.MyMoneyMapTest"/>
</testsuite> <!-- smoke -->
