<?xml version="1.0" encoding="UTF-8"?>
<!-- Generated by org.testng.reporters.JUnitXMLReporter -->
<testsuite hostname="LAPTOP-M7U15TM6" ignored="5" name="Default test" tests="1" failures="0" timestamp="06 Aug 2018 15:49:58 GMT" time="7.618" errors="0">
  <testcase name="Checking" time="1.015" classname="com.zerob.tests.AccountActivityTests"/>
  <testcase name="defaultSavings" time="0.0" classname="com.zerob.tests.AccountActivityTests">
    <ignored/>
  </testcase> <!-- defaultSavings -->
  <testcase name="CreditCard" time="0.0" classname="com.zerob.tests.AccountActivityTests">
    <ignored/>
  </testcase> <!-- CreditCard -->
  <testcase name="Brokerage" time="0.0" classname="com.zerob.tests.AccountActivityTests">
    <ignored/>
  </testcase> <!-- Brokerage -->
  <testcase name="Savings" time="0.0" classname="com.zerob.tests.AccountActivityTests">
    <ignored/>
  </testcase> <!-- Savings -->
  <testcase name="Loan" time="0.0" classname="com.zerob.tests.AccountActivityTests">
    <ignored/>
  </testcase> <!-- Loan -->
</testsuite> <!-- Default test -->
